# JRE version: OpenJDK Runtime Environment (8.0_242-b01) (build 1.8.0_242-release-1644-b01)
# Java VM: OpenJDK 64-Bit Server VM (25.242-b01 mixed mode windows-amd64 compressed oops)
Heap:
 PSYoungGen      total 79360K, used 36704K [0x00000000daf80000, 0x00000000e2280000, 0x0000000100000000)
  eden space 62976K, 58% used [0x00000000daf80000,0x00000000dd358310,0x00000000ded00000)
  from space 16384K, 0% used [0x00000000dfc00000,0x00000000dfc00000,0x00000000e0c00000)
  to   space 15360K, 0% used [0x00000000ded00000,0x00000000ded00000,0x00000000dfc00000)
 ParOldGen       total 62464K, used 16559K [0x0000000090e00000, 0x0000000094b00000, 0x00000000daf80000)
  object space 62464K, 26% used [0x0000000090e00000,0x0000000091e2bc78,0x0000000094b00000)
 Metaspace       used 37821K, capacity 38352K, committed 38832K, reserved 1083392K
  class space    used 4780K, capacity 4917K, committed 5040K, reserved 1048576K
GC Heap History (10 events):
Event: 2.461 GC heap before
{Heap before GC invocations=4 (full 1):
 PSYoungGen      total 33280K, used 4592K [0x00000000daf80000, 0x00000000df080000, 0x0000000100000000)
  eden space 28672K, 0% used [0x00000000daf80000,0x00000000daf80000,0x00000000dcb80000)
  from space 4608K, 99% used [0x00000000dcb80000,0x00000000dcffc010,0x00000000dd000000)
  to   space 4608K, 0% used [0x00000000dec00000,0x00000000dec00000,0x00000000df080000)
 ParOldGen       total 76800K, used 12152K [0x0000000090e00000, 0x0000000095900000, 0x00000000daf80000)
  object space 76800K, 15% used [0x0000000090e00000,0x00000000919de1f0,0x0000000095900000)
 Metaspace       used 20810K, capacity 21240K, committed 21296K, reserved 1069056K
  class space    used 2418K, capacity 2590K, committed 2608K, reserved 1048576K
Event: 2.501 GC heap after
Heap after GC invocations=4 (full 1):
 PSYoungGen      total 33280K, used 0K [0x00000000daf80000, 0x00000000df080000, 0x0000000100000000)
  eden space 28672K, 0% used [0x00000000daf80000,0x00000000daf80000,0x00000000dcb80000)
  from space 4608K, 0% used [0x00000000dcb80000,0x00000000dcb80000,0x00000000dd000000)
  to   space 4608K, 0% used [0x00000000dec00000,0x00000000dec00000,0x00000000df080000)
 ParOldGen       total 62464K, used 10640K [0x0000000090e00000, 0x0000000094b00000, 0x00000000daf80000)
  object space 62464K, 17% used [0x0000000090e00000,0x0000000091864098,0x0000000094b00000)
 Metaspace       used 20810K, capacity 21240K, committed 21296K, reserved 1069056K
  class space    used 2418K, capacity 2590K, committed 2608K, reserved 1048576K
}
Event: 3.139 GC heap before
{Heap before GC invocations=5 (full 1):
 PSYoungGen      total 33280K, used 28672K [0x00000000daf80000, 0x00000000df080000, 0x0000000100000000)
  eden space 28672K, 100% used [0x00000000daf80000,0x00000000dcb80000,0x00000000dcb80000)
  from space 4608K, 0% used [0x00000000dcb80000,0x00000000dcb80000,0x00000000dd000000)
  to   space 4608K, 0% used [0x00000000dec00000,0x00000000dec00000,0x00000000df080000)
 ParOldGen       total 62464K, used 10640K [0x0000000090e00000, 0x0000000094b00000, 0x00000000daf80000)
  object space 62464K, 17% used [0x0000000090e00000,0x0000000091864098,0x0000000094b00000)
 Metaspace       used 24153K, capacity 24688K, committed 24880K, reserved 1071104K
  class space    used 2874K, capacity 3028K, committed 3120K, reserved 1048576K
Event: 3.148 GC heap after
Heap after GC invocations=5 (full 1):
 PSYoungGen      total 46592K, used 4586K [0x00000000daf80000, 0x00000000df080000, 0x0000000100000000)
  eden space 41984K, 0% used [0x00000000daf80000,0x00000000daf80000,0x00000000dd880000)
  from space 4608K, 99% used [0x00000000dec00000,0x00000000df07ab78,0x00000000df080000)
  to   space 4608K, 0% used [0x00000000de780000,0x00000000de780000,0x00000000dec00000)
 ParOldGen       total 62464K, used 12540K [0x0000000090e00000, 0x0000000094b00000, 0x00000000daf80000)
  object space 62464K, 20% used [0x0000000090e00000,0x0000000091a3f378,0x0000000094b00000)
 Metaspace       used 24153K, capacity 24688K, committed 24880K, reserved 1071104K
  class space    used 2874K, capacity 3028K, committed 3120K, reserved 1048576K
}
Event: 4.300 GC heap before
{Heap before GC invocations=6 (full 1):
 PSYoungGen      total 46592K, used 46570K [0x00000000daf80000, 0x00000000df080000, 0x0000000100000000)
  eden space 41984K, 100% used [0x00000000daf80000,0x00000000dd880000,0x00000000dd880000)
  from space 4608K, 99% used [0x00000000dec00000,0x00000000df07ab78,0x00000000df080000)
  to   space 4608K, 0% used [0x00000000de780000,0x00000000de780000,0x00000000dec00000)
 ParOldGen       total 62464K, used 12540K [0x0000000090e00000, 0x0000000094b00000, 0x00000000daf80000)
  object space 62464K, 20% used [0x0000000090e00000,0x0000000091a3f378,0x0000000094b00000)
 Metaspace       used 31835K, capacity 32342K, committed 32688K, reserved 1077248K
  class space    used 4021K, capacity 4187K, committed 4272K, reserved 1048576K
Event: 4.319 GC heap after
Heap after GC invocations=6 (full 1):
 PSYoungGen      total 61952K, used 4579K [0x00000000daf80000, 0x00000000e0c00000, 0x0000000100000000)
  eden space 57344K, 0% used [0x00000000daf80000,0x00000000daf80000,0x00000000de780000)
  from space 4608K, 99% used [0x00000000de780000,0x00000000debf8c70,0x00000000dec00000)
  to   space 16384K, 0% used [0x00000000dfc00000,0x00000000dfc00000,0x00000000e0c00000)
 ParOldGen       total 62464K, used 23510K [0x0000000090e00000, 0x0000000094b00000, 0x00000000daf80000)
  object space 62464K, 37% used [0x0000000090e00000,0x00000000924f5b20,0x0000000094b00000)
 Metaspace       used 31835K, capacity 32342K, committed 32688K, reserved 1077248K
  class space    used 4021K, capacity 4187K, committed 4272K, reserved 1048576K
}
Event: 4.732 GC heap before
{Heap before GC invocations=7 (full 1):
 PSYoungGen      total 61952K, used 19317K [0x00000000daf80000, 0x00000000e0c00000, 0x0000000100000000)
  eden space 57344K, 25% used [0x00000000daf80000,0x00000000dbde47f0,0x00000000de780000)
  from space 4608K, 99% used [0x00000000de780000,0x00000000debf8c70,0x00000000dec00000)
  to   space 16384K, 0% used [0x00000000dfc00000,0x00000000dfc00000,0x00000000e0c00000)
 ParOldGen       total 62464K, used 23510K [0x0000000090e00000, 0x0000000094b00000, 0x00000000daf80000)
  object space 62464K, 37% used [0x0000000090e00000,0x00000000924f5b20,0x0000000094b00000)
 Metaspace       used 34649K, capacity 35194K, committed 35496K, reserved 1081344K
  class space    used 4427K, capacity 4579K, committed 4656K, reserved 1048576K
Event: 4.743 GC heap after
Heap after GC invocations=7 (full 1):
 PSYoungGen      total 79360K, used 8196K [0x00000000daf80000, 0x00000000e2280000, 0x0000000100000000)
  eden space 62976K, 0% used [0x00000000daf80000,0x00000000daf80000,0x00000000ded00000)
  from space 16384K, 50% used [0x00000000dfc00000,0x00000000e04011c0,0x00000000e0c00000)
  to   space 15360K, 0% used [0x00000000ded00000,0x00000000ded00000,0x00000000dfc00000)
 ParOldGen       total 62464K, used 23518K [0x0000000090e00000, 0x0000000094b00000, 0x00000000daf80000)
  object space 62464K, 37% used [0x0000000090e00000,0x00000000924f7b20,0x0000000094b00000)
 Metaspace       used 34649K, capacity 35194K, committed 35496K, reserved 1081344K
  class space    used 4427K, capacity 4579K, committed 4656K, reserved 1048576K
}
Event: 4.743 GC heap before
{Heap before GC invocations=8 (full 2):
 PSYoungGen      total 79360K, used 8196K [0x00000000daf80000, 0x00000000e2280000, 0x0000000100000000)
  eden space 62976K, 0% used [0x00000000daf80000,0x00000000daf80000,0x00000000ded00000)
  from space 16384K, 50% used [0x00000000dfc00000,0x00000000e04011c0,0x00000000e0c00000)
  to   space 15360K, 0% used [0x00000000ded00000,0x00000000ded00000,0x00000000dfc00000)
 ParOldGen       total 62464K, used 23518K [0x0000000090e00000, 0x0000000094b00000, 0x00000000daf80000)
  object space 62464K, 37% used [0x0000000090e00000,0x00000000924f7b20,0x0000000094b00000)
 Metaspace       used 34649K, capacity 35194K, committed 35496K, reserved 1081344K
  class space    used 4427K, capacity 4579K, committed 4656K, reserved 1048576K
Event: 4.823 GC heap after
Heap after GC invocations=8 (full 2):
 PSYoungGen      total 79360K, used 0K [0x00000000daf80000, 0x00000000e2280000, 0x0000000100000000)
  eden space 62976K, 0% used [0x00000000daf80000,0x00000000daf80000,0x00000000ded00000)
  from space 16384K, 0% used [0x00000000dfc00000,0x00000000dfc00000,0x00000000e0c00000)
  to   space 15360K, 0% used [0x00000000ded00000,0x00000000ded00000,0x00000000dfc00000)
 ParOldGen       total 62464K, used 16559K [0x0000000090e00000, 0x0000000094b00000, 0x00000000daf80000)
  object space 62464K, 26% used [0x0000000090e00000,0x0000000091e2bc78,0x0000000094b00000)
 Metaspace       used 34649K, capacity 35194K, committed 35496K, reserved 1081344K
  class space    used 4427K, capacity 4579K, committed 4656K, reserved 1048576K
}

