# JRE version: OpenJDK Runtime Environment (8.0_242-b01) (build 1.8.0_242-release-1644-b01)
# Java VM: OpenJDK 64-Bit Server VM (25.242-b01 mixed mode windows-amd64 compressed oops)
Heap:
 PSYoungGen      total 544256K, used 125443K [0x00000000d5580000, 0x0000000100000000, 0x0000000100000000)
  eden space 496128K, 22% used [0x00000000d5580000,0x00000000dc2f1ea0,0x00000000f3a00000)
  from space 48128K, 27% used [0x00000000f3a00000,0x00000000f470ee28,0x00000000f6900000)
  to   space 46080K, 0% used [0x00000000fd300000,0x00000000fd300000,0x0000000100000000)
 ParOldGen       total 187904K, used 111856K [0x0000000080000000, 0x000000008b780000, 0x00000000d5580000)
  object space 187904K, 59% used [0x0000000080000000,0x0000000086d3c1e8,0x000000008b780000)
 Metaspace       used 103686K, capacity 109518K, committed 109796K, reserved 1144832K
  class space    used 13738K, capacity 14821K, committed 14844K, reserved 1048576K
GC Heap History (10 events):
Event: 239.756 GC heap before
{Heap before GC invocations=21 (full 4):
 PSYoungGen      total 353792K, used 12117K [0x00000000d5580000, 0x00000000f2280000, 0x0000000100000000)
  eden space 312832K, 0% used [0x00000000d5580000,0x00000000d5580000,0x00000000e8700000)
  from space 40960K, 29% used [0x00000000e8700000,0x00000000e92d5588,0x00000000eaf00000)
  to   space 39424K, 0% used [0x00000000efc00000,0x00000000efc00000,0x00000000f2280000)
 ParOldGen       total 141824K, used 70563K [0x0000000080000000, 0x0000000088a80000, 0x00000000d5580000)
  object space 141824K, 49% used [0x0000000080000000,0x00000000844e8d08,0x0000000088a80000)
 Metaspace       used 93539K, capacity 98839K, committed 98932K, reserved 1134592K
  class space    used 12471K, capacity 13490K, committed 13564K, reserved 1048576K
Event: 240.391 GC heap after
Heap after GC invocations=21 (full 4):
 PSYoungGen      total 353792K, used 0K [0x00000000d5580000, 0x00000000f2280000, 0x0000000100000000)
  eden space 312832K, 0% used [0x00000000d5580000,0x00000000d5580000,0x00000000e8700000)
  from space 40960K, 0% used [0x00000000e8700000,0x00000000e8700000,0x00000000eaf00000)
  to   space 39424K, 0% used [0x00000000efc00000,0x00000000efc00000,0x00000000f2280000)
 ParOldGen       total 187904K, used 58315K [0x0000000080000000, 0x000000008b780000, 0x00000000d5580000)
  object space 187904K, 31% used [0x0000000080000000,0x00000000838f2fb8,0x000000008b780000)
 Metaspace       used 93047K, capacity 97430K, committed 98932K, reserved 1134592K
  class space    used 12310K, capacity 13205K, committed 13564K, reserved 1048576K
}
Event: 245.188 GC heap before
{Heap before GC invocations=22 (full 4):
 PSYoungGen      total 353792K, used 312832K [0x00000000d5580000, 0x00000000f2280000, 0x0000000100000000)
  eden space 312832K, 100% used [0x00000000d5580000,0x00000000e8700000,0x00000000e8700000)
  from space 40960K, 0% used [0x00000000e8700000,0x00000000e8700000,0x00000000eaf00000)
  to   space 39424K, 0% used [0x00000000efc00000,0x00000000efc00000,0x00000000f2280000)
 ParOldGen       total 187904K, used 58315K [0x0000000080000000, 0x000000008b780000, 0x00000000d5580000)
  object space 187904K, 31% used [0x0000000080000000,0x00000000838f2fb8,0x000000008b780000)
 Metaspace       used 102208K, capacity 107778K, committed 108004K, reserved 1142784K
  class space    used 13660K, capacity 14729K, committed 14844K, reserved 1048576K
Event: 245.303 GC heap after
Heap after GC invocations=22 (full 4):
 PSYoungGen      total 422400K, used 39406K [0x00000000d5580000, 0x00000000f3900000, 0x0000000100000000)
  eden space 382976K, 0% used [0x00000000d5580000,0x00000000d5580000,0x00000000ecb80000)
  from space 39424K, 99% used [0x00000000efc00000,0x00000000f227bb98,0x00000000f2280000)
  to   space 49664K, 0% used [0x00000000ecb80000,0x00000000ecb80000,0x00000000efc00000)
 ParOldGen       total 187904K, used 69508K [0x0000000080000000, 0x000000008b780000, 0x00000000d5580000)
  object space 187904K, 36% used [0x0000000080000000,0x00000000843e1348,0x000000008b780000)
 Metaspace       used 102208K, capacity 107778K, committed 108004K, reserved 1142784K
  class space    used 13660K, capacity 14729K, committed 14844K, reserved 1048576K
}
Event: 247.574 GC heap before
{Heap before GC invocations=23 (full 4):
 PSYoungGen      total 422400K, used 422382K [0x00000000d5580000, 0x00000000f3900000, 0x0000000100000000)
  eden space 382976K, 100% used [0x00000000d5580000,0x00000000ecb80000,0x00000000ecb80000)
  from space 39424K, 99% used [0x00000000efc00000,0x00000000f227bb98,0x00000000f2280000)
  to   space 49664K, 0% used [0x00000000ecb80000,0x00000000ecb80000,0x00000000efc00000)
 ParOldGen       total 187904K, used 69508K [0x0000000080000000, 0x000000008b780000, 0x00000000d5580000)
  object space 187904K, 36% used [0x0000000080000000,0x00000000843e1348,0x000000008b780000)
 Metaspace       used 103209K, capacity 108944K, committed 109028K, reserved 1142784K
  class space    used 13727K, capacity 14784K, committed 14844K, reserved 1048576K
Event: 248.152 GC heap after
Heap after GC invocations=23 (full 4):
 PSYoungGen      total 432640K, used 5502K [0x00000000d5580000, 0x00000000fa080000, 0x0000000100000000)
  eden space 382976K, 0% used [0x00000000d5580000,0x00000000d5580000,0x00000000ecb80000)
  from space 49664K, 11% used [0x00000000ecb80000,0x00000000ed0dfba0,0x00000000efc00000)
  to   space 49152K, 0% used [0x00000000f7080000,0x00000000f7080000,0x00000000fa080000)
 ParOldGen       total 187904K, used 105223K [0x0000000080000000, 0x000000008b780000, 0x00000000d5580000)
  object space 187904K, 55% used [0x0000000080000000,0x00000000866c1e90,0x000000008b780000)
 Metaspace       used 103209K, capacity 108944K, committed 109028K, reserved 1142784K
  class space    used 13727K, capacity 14784K, committed 14844K, reserved 1048576K
}
Event: 249.907 GC heap before
{Heap before GC invocations=24 (full 4):
 PSYoungGen      total 432640K, used 388478K [0x00000000d5580000, 0x00000000fa080000, 0x0000000100000000)
  eden space 382976K, 100% used [0x00000000d5580000,0x00000000ecb80000,0x00000000ecb80000)
  from space 49664K, 11% used [0x00000000ecb80000,0x00000000ed0dfba0,0x00000000efc00000)
  to   space 49152K, 0% used [0x00000000f7080000,0x00000000f7080000,0x00000000fa080000)
 ParOldGen       total 187904K, used 105223K [0x0000000080000000, 0x000000008b780000, 0x00000000d5580000)
  object space 187904K, 55% used [0x0000000080000000,0x00000000866c1e90,0x000000008b780000)
 Metaspace       used 103491K, capacity 109208K, committed 109284K, reserved 1144832K
  class space    used 13729K, capacity 14788K, committed 14844K, reserved 1048576K
Event: 249.936 GC heap after
Heap after GC invocations=24 (full 4):
 PSYoungGen      total 536576K, used 6415K [0x00000000d5580000, 0x00000000f9800000, 0x0000000100000000)
  eden space 496128K, 0% used [0x00000000d5580000,0x00000000d5580000,0x00000000f3a00000)
  from space 40448K, 15% used [0x00000000f7080000,0x00000000f76c3d18,0x00000000f9800000)
  to   space 48128K, 0% used [0x00000000f3a00000,0x00000000f3a00000,0x00000000f6900000)
 ParOldGen       total 187904K, used 108228K [0x0000000080000000, 0x000000008b780000, 0x00000000d5580000)
  object space 187904K, 57% used [0x0000000080000000,0x00000000869b1108,0x000000008b780000)
 Metaspace       used 103491K, capacity 109208K, committed 109284K, reserved 1144832K
  class space    used 13729K, capacity 14788K, committed 14844K, reserved 1048576K
}
Event: 251.891 GC heap before
{Heap before GC invocations=25 (full 4):
 PSYoungGen      total 536576K, used 502543K [0x00000000d5580000, 0x00000000f9800000, 0x0000000100000000)
  eden space 496128K, 100% used [0x00000000d5580000,0x00000000f3a00000,0x00000000f3a00000)
  from space 40448K, 15% used [0x00000000f7080000,0x00000000f76c3d18,0x00000000f9800000)
  to   space 48128K, 0% used [0x00000000f3a00000,0x00000000f3a00000,0x00000000f6900000)
 ParOldGen       total 187904K, used 108228K [0x0000000080000000, 0x000000008b780000, 0x00000000d5580000)
  object space 187904K, 57% used [0x0000000080000000,0x00000000869b1108,0x000000008b780000)
 Metaspace       used 103632K, capacity 109422K, committed 109540K, reserved 1144832K
  class space    used 13731K, capacity 14789K, committed 14844K, reserved 1048576K
Event: 251.929 GC heap after
Heap after GC invocations=25 (full 4):
 PSYoungGen      total 544256K, used 13371K [0x00000000d5580000, 0x0000000100000000, 0x0000000100000000)
  eden space 496128K, 0% used [0x00000000d5580000,0x00000000d5580000,0x00000000f3a00000)
  from space 48128K, 27% used [0x00000000f3a00000,0x00000000f470ee28,0x00000000f6900000)
  to   space 46080K, 0% used [0x00000000fd300000,0x00000000fd300000,0x0000000100000000)
 ParOldGen       total 187904K, used 111856K [0x0000000080000000, 0x000000008b780000, 0x00000000d5580000)
  object space 187904K, 59% used [0x0000000080000000,0x0000000086d3c1e8,0x000000008b780000)
 Metaspace       used 103632K, capacity 109422K, committed 109540K, reserved 1144832K
  class space    used 13731K, capacity 14789K, committed 14844K, reserved 1048576K
}

