# JRE version: OpenJDK Runtime Environment (8.0_242-b01) (build 1.8.0_242-release-1644-b01)
# Java VM: OpenJDK 64-Bit Server VM (25.242-b01 mixed mode windows-amd64 compressed oops)
Heap:
 PSYoungGen      total 233984K, used 229382K [0x00000000d5580000, 0x00000000e7c00000, 0x0000000100000000)
  eden space 214016K, 97% used [0x00000000d5580000,0x00000000e22097e8,0x00000000e2680000)
  from space 19968K, 99% used [0x00000000e2680000,0x00000000e39f8358,0x00000000e3a00000)
  to   space 23040K, 0% used [0x00000000e6580000,0x00000000e6580000,0x00000000e7c00000)
 ParOldGen       total 113152K, used 30018K [0x0000000080000000, 0x0000000086e80000, 0x00000000d5580000)
  object space 113152K, 26% used [0x0000000080000000,0x0000000081d50898,0x0000000086e80000)
 Metaspace       used 75056K, capacity 78550K, committed 78744K, reserved 1118208K
  class space    used 10165K, capacity 10848K, committed 10928K, reserved 1048576K
GC Heap History (10 events):
Event: 18.386 GC heap before
{Heap before GC invocations=14 (full 2):
 PSYoungGen      total 135680K, used 135656K [0x00000000d5580000, 0x00000000e1000000, 0x0000000100000000)
  eden space 124928K, 100% used [0x00000000d5580000,0x00000000dcf80000,0x00000000dcf80000)
  from space 10752K, 99% used [0x00000000dcf80000,0x00000000dd9fa310,0x00000000dda00000)
  to   space 13312K, 0% used [0x00000000e0300000,0x00000000e0300000,0x00000000e1000000)
 ParOldGen       total 76288K, used 19397K [0x0000000080000000, 0x0000000084a80000, 0x00000000d5580000)
  object space 76288K, 25% used [0x0000000080000000,0x00000000812f1638,0x0000000084a80000)
 Metaspace       used 55554K, capacity 57550K, committed 57768K, reserved 1099776K
  class space    used 7519K, capacity 7992K, committed 8112K, reserved 1048576K
Event: 18.417 GC heap after
Heap after GC invocations=14 (full 2):
 PSYoungGen      total 172544K, used 13295K [0x00000000d5580000, 0x00000000e1880000, 0x0000000100000000)
  eden space 159232K, 0% used [0x00000000d5580000,0x00000000d5580000,0x00000000df100000)
  from space 13312K, 99% used [0x00000000e0300000,0x00000000e0ffbc58,0x00000000e1000000)
  to   space 18432K, 0% used [0x00000000df100000,0x00000000df100000,0x00000000e0300000)
 ParOldGen       total 76288K, used 29390K [0x0000000080000000, 0x0000000084a80000, 0x00000000d5580000)
  object space 76288K, 38% used [0x0000000080000000,0x0000000081cb3a40,0x0000000084a80000)
 Metaspace       used 55554K, capacity 57550K, committed 57768K, reserved 1099776K
  class space    used 7519K, capacity 7992K, committed 8112K, reserved 1048576K
}
Event: 18.860 GC heap before
{Heap before GC invocations=15 (full 2):
 PSYoungGen      total 172544K, used 34835K [0x00000000d5580000, 0x00000000e1880000, 0x0000000100000000)
  eden space 159232K, 13% used [0x00000000d5580000,0x00000000d6a88fd8,0x00000000df100000)
  from space 13312K, 99% used [0x00000000e0300000,0x00000000e0ffbc58,0x00000000e1000000)
  to   space 18432K, 0% used [0x00000000df100000,0x00000000df100000,0x00000000e0300000)
 ParOldGen       total 76288K, used 29390K [0x0000000080000000, 0x0000000084a80000, 0x00000000d5580000)
  object space 76288K, 38% used [0x0000000080000000,0x0000000081cb3a40,0x0000000084a80000)
 Metaspace       used 56983K, capacity 59092K, committed 59160K, reserved 1099776K
  class space    used 7721K, capacity 8189K, committed 8240K, reserved 1048576K
Event: 18.885 GC heap after
Heap after GC invocations=15 (full 2):
 PSYoungGen      total 177664K, used 2208K [0x00000000d5580000, 0x00000000e5180000, 0x0000000100000000)
  eden space 159232K, 0% used [0x00000000d5580000,0x00000000d5580000,0x00000000df100000)
  from space 18432K, 11% used [0x00000000df100000,0x00000000df328000,0x00000000e0300000)
  to   space 18944K, 0% used [0x00000000e3f00000,0x00000000e3f00000,0x00000000e5180000)
 ParOldGen       total 76288K, used 36802K [0x0000000080000000, 0x0000000084a80000, 0x00000000d5580000)
  object space 76288K, 48% used [0x0000000080000000,0x00000000823f0b78,0x0000000084a80000)
 Metaspace       used 56983K, capacity 59092K, committed 59160K, reserved 1099776K
  class space    used 7721K, capacity 8189K, committed 8240K, reserved 1048576K
}
Event: 18.885 GC heap before
{Heap before GC invocations=16 (full 3):
 PSYoungGen      total 177664K, used 2208K [0x00000000d5580000, 0x00000000e5180000, 0x0000000100000000)
  eden space 159232K, 0% used [0x00000000d5580000,0x00000000d5580000,0x00000000df100000)
  from space 18432K, 11% used [0x00000000df100000,0x00000000df328000,0x00000000e0300000)
  to   space 18944K, 0% used [0x00000000e3f00000,0x00000000e3f00000,0x00000000e5180000)
 ParOldGen       total 76288K, used 36802K [0x0000000080000000, 0x0000000084a80000, 0x00000000d5580000)
  object space 76288K, 48% used [0x0000000080000000,0x00000000823f0b78,0x0000000084a80000)
 Metaspace       used 56983K, capacity 59092K, committed 59160K, reserved 1099776K
  class space    used 7721K, capacity 8189K, committed 8240K, reserved 1048576K
Event: 19.192 GC heap after
Heap after GC invocations=16 (full 3):
 PSYoungGen      total 177664K, used 0K [0x00000000d5580000, 0x00000000e5180000, 0x0000000100000000)
  eden space 159232K, 0% used [0x00000000d5580000,0x00000000d5580000,0x00000000df100000)
  from space 18432K, 0% used [0x00000000df100000,0x00000000df100000,0x00000000e0300000)
  to   space 18944K, 0% used [0x00000000e3f00000,0x00000000e3f00000,0x00000000e5180000)
 ParOldGen       total 113152K, used 29830K [0x0000000080000000, 0x0000000086e80000, 0x00000000d5580000)
  object space 113152K, 26% used [0x0000000080000000,0x0000000081d21bb0,0x0000000086e80000)
 Metaspace       used 56957K, capacity 59002K, committed 59160K, reserved 1099776K
  class space    used 7713K, capacity 8174K, committed 8240K, reserved 1048576K
}
Event: 22.800 GC heap before
{Heap before GC invocations=17 (full 3):
 PSYoungGen      total 177664K, used 159232K [0x00000000d5580000, 0x00000000e5180000, 0x0000000100000000)
  eden space 159232K, 100% used [0x00000000d5580000,0x00000000df100000,0x00000000df100000)
  from space 18432K, 0% used [0x00000000df100000,0x00000000df100000,0x00000000e0300000)
  to   space 18944K, 0% used [0x00000000e3f00000,0x00000000e3f00000,0x00000000e5180000)
 ParOldGen       total 113152K, used 29830K [0x0000000080000000, 0x0000000086e80000, 0x00000000d5580000)
  object space 113152K, 26% used [0x0000000080000000,0x0000000081d21bb0,0x0000000086e80000)
 Metaspace       used 64004K, capacity 67042K, committed 67352K, reserved 1107968K
  class space    used 8796K, capacity 9418K, committed 9520K, reserved 1048576K
Event: 22.851 GC heap after
Heap after GC invocations=17 (full 3):
 PSYoungGen      total 219136K, used 14791K [0x00000000d5580000, 0x00000000e4d80000, 0x0000000100000000)
  eden space 204288K, 0% used [0x00000000d5580000,0x00000000d5580000,0x00000000e1d00000)
  from space 14848K, 99% used [0x00000000e3f00000,0x00000000e4d71d70,0x00000000e4d80000)
  to   space 19968K, 0% used [0x00000000e2680000,0x00000000e2680000,0x00000000e3a00000)
 ParOldGen       total 113152K, used 29838K [0x0000000080000000, 0x0000000086e80000, 0x00000000d5580000)
  object space 113152K, 26% used [0x0000000080000000,0x0000000081d23bb0,0x0000000086e80000)
 Metaspace       used 64004K, capacity 67042K, committed 67352K, reserved 1107968K
  class space    used 8796K, capacity 9418K, committed 9520K, reserved 1048576K
}
Event: 35.528 GC heap before
{Heap before GC invocations=18 (full 3):
 PSYoungGen      total 219136K, used 219079K [0x00000000d5580000, 0x00000000e4d80000, 0x0000000100000000)
  eden space 204288K, 100% used [0x00000000d5580000,0x00000000e1d00000,0x00000000e1d00000)
  from space 14848K, 99% used [0x00000000e3f00000,0x00000000e4d71d70,0x00000000e4d80000)
  to   space 19968K, 0% used [0x00000000e2680000,0x00000000e2680000,0x00000000e3a00000)
 ParOldGen       total 113152K, used 29838K [0x0000000080000000, 0x0000000086e80000, 0x00000000d5580000)
  object space 113152K, 26% used [0x0000000080000000,0x0000000081d23bb0,0x0000000086e80000)
 Metaspace       used 70222K, capacity 73452K, committed 73752K, reserved 1112064K
  class space    used 9530K, capacity 10171K, committed 10288K, reserved 1048576K
Event: 35.581 GC heap after
Heap after GC invocations=18 (full 3):
 PSYoungGen      total 233984K, used 19936K [0x00000000d5580000, 0x00000000e7c00000, 0x0000000100000000)
  eden space 214016K, 0% used [0x00000000d5580000,0x00000000d5580000,0x00000000e2680000)
  from space 19968K, 99% used [0x00000000e2680000,0x00000000e39f8358,0x00000000e3a00000)
  to   space 23040K, 0% used [0x00000000e6580000,0x00000000e6580000,0x00000000e7c00000)
 ParOldGen       total 113152K, used 30018K [0x0000000080000000, 0x0000000086e80000, 0x00000000d5580000)
  object space 113152K, 26% used [0x0000000080000000,0x0000000081d50898,0x0000000086e80000)
 Metaspace       used 70222K, capacity 73452K, committed 73752K, reserved 1112064K
  class space    used 9530K, capacity 10171K, committed 10288K, reserved 1048576K
}

