# JRE version: OpenJDK Runtime Environment (8.0_242-b01) (build 1.8.0_242-release-1644-b01)
# Java VM: OpenJDK 64-Bit Server VM (25.242-b01 mixed mode windows-amd64 compressed oops)
Heap:
 PSYoungGen      total 91136K, used 75606K [0x00000000daf80000, 0x00000000e1d80000, 0x0000000100000000)
  eden space 75776K, 79% used [0x00000000daf80000,0x00000000dea5adc0,0x00000000df980000)
  from space 15360K, 99% used [0x00000000e0b00000,0x00000000e19fabb8,0x00000000e1a00000)
  to   space 17920K, 0% used [0x00000000df980000,0x00000000df980000,0x00000000e0b00000)
 ParOldGen       total 65024K, used 19060K [0x0000000090e00000, 0x0000000094d80000, 0x00000000daf80000)
  object space 65024K, 29% used [0x0000000090e00000,0x000000009209d3d0,0x0000000094d80000)
 Metaspace       used 50687K, capacity 51518K, committed 51888K, reserved 1095680K
  class space    used 6088K, capacity 6296K, committed 6320K, reserved 1048576K
GC Heap History (10 events):
Event: 4.103 GC heap before
{Heap before GC invocations=6 (full 1):
 PSYoungGen      total 45056K, used 45036K [0x00000000daf80000, 0x00000000df080000, 0x0000000100000000)
  eden space 40448K, 100% used [0x00000000daf80000,0x00000000dd700000,0x00000000dd700000)
  from space 4608K, 99% used [0x00000000dec00000,0x00000000df07b230,0x00000000df080000)
  to   space 4608K, 0% used [0x00000000de780000,0x00000000de780000,0x00000000dec00000)
 ParOldGen       total 65024K, used 12421K [0x0000000090e00000, 0x0000000094d80000, 0x00000000daf80000)
  object space 65024K, 19% used [0x0000000090e00000,0x0000000091a21498,0x0000000094d80000)
 Metaspace       used 31560K, capacity 32106K, committed 32432K, reserved 1077248K
  class space    used 3988K, capacity 4153K, committed 4272K, reserved 1048576K
Event: 4.123 GC heap after
Heap after GC invocations=6 (full 1):
 PSYoungGen      total 61952K, used 4579K [0x00000000daf80000, 0x00000000e0700000, 0x0000000100000000)
  eden space 57344K, 0% used [0x00000000daf80000,0x00000000daf80000,0x00000000de780000)
  from space 4608K, 99% used [0x00000000de780000,0x00000000debf8c70,0x00000000dec00000)
  to   space 15872K, 0% used [0x00000000df780000,0x00000000df780000,0x00000000e0700000)
 ParOldGen       total 65024K, used 22960K [0x0000000090e00000, 0x0000000094d80000, 0x00000000daf80000)
  object space 65024K, 35% used [0x0000000090e00000,0x000000009246c130,0x0000000094d80000)
 Metaspace       used 31560K, capacity 32106K, committed 32432K, reserved 1077248K
  class space    used 3988K, capacity 4153K, committed 4272K, reserved 1048576K
}
Event: 4.634 GC heap before
{Heap before GC invocations=7 (full 1):
 PSYoungGen      total 61952K, used 21670K [0x00000000daf80000, 0x00000000e0700000, 0x0000000100000000)
  eden space 57344K, 29% used [0x00000000daf80000,0x00000000dc030ee0,0x00000000de780000)
  from space 4608K, 99% used [0x00000000de780000,0x00000000debf8c70,0x00000000dec00000)
  to   space 15872K, 0% used [0x00000000df780000,0x00000000df780000,0x00000000e0700000)
 ParOldGen       total 65024K, used 22960K [0x0000000090e00000, 0x0000000094d80000, 0x00000000daf80000)
  object space 65024K, 35% used [0x0000000090e00000,0x000000009246c130,0x0000000094d80000)
 Metaspace       used 34650K, capacity 35194K, committed 35496K, reserved 1081344K
  class space    used 4428K, capacity 4579K, committed 4656K, reserved 1048576K
Event: 4.647 GC heap after
Heap after GC invocations=7 (full 1):
 PSYoungGen      total 74240K, used 8813K [0x00000000daf80000, 0x00000000e1e80000, 0x0000000100000000)
  eden space 58368K, 0% used [0x00000000daf80000,0x00000000daf80000,0x00000000de880000)
  from space 15872K, 55% used [0x00000000df780000,0x00000000e001b7d0,0x00000000e0700000)
  to   space 15360K, 0% used [0x00000000de880000,0x00000000de880000,0x00000000df780000)
 ParOldGen       total 65024K, used 22968K [0x0000000090e00000, 0x0000000094d80000, 0x00000000daf80000)
  object space 65024K, 35% used [0x0000000090e00000,0x000000009246e130,0x0000000094d80000)
 Metaspace       used 34650K, capacity 35194K, committed 35496K, reserved 1081344K
  class space    used 4428K, capacity 4579K, committed 4656K, reserved 1048576K
}
Event: 4.647 GC heap before
{Heap before GC invocations=8 (full 2):
 PSYoungGen      total 74240K, used 8813K [0x00000000daf80000, 0x00000000e1e80000, 0x0000000100000000)
  eden space 58368K, 0% used [0x00000000daf80000,0x00000000daf80000,0x00000000de880000)
  from space 15872K, 55% used [0x00000000df780000,0x00000000e001b7d0,0x00000000e0700000)
  to   space 15360K, 0% used [0x00000000de880000,0x00000000de880000,0x00000000df780000)
 ParOldGen       total 65024K, used 22968K [0x0000000090e00000, 0x0000000094d80000, 0x00000000daf80000)
  object space 65024K, 35% used [0x0000000090e00000,0x000000009246e130,0x0000000094d80000)
 Metaspace       used 34650K, capacity 35194K, committed 35496K, reserved 1081344K
  class space    used 4428K, capacity 4579K, committed 4656K, reserved 1048576K
Event: 4.743 GC heap after
Heap after GC invocations=8 (full 2):
 PSYoungGen      total 74240K, used 0K [0x00000000daf80000, 0x00000000e1e80000, 0x0000000100000000)
  eden space 58368K, 0% used [0x00000000daf80000,0x00000000daf80000,0x00000000de880000)
  from space 15872K, 0% used [0x00000000df780000,0x00000000df780000,0x00000000e0700000)
  to   space 15360K, 0% used [0x00000000de880000,0x00000000de880000,0x00000000df780000)
 ParOldGen       total 65024K, used 17031K [0x0000000090e00000, 0x0000000094d80000, 0x00000000daf80000)
  object space 65024K, 26% used [0x0000000090e00000,0x0000000091ea1cd0,0x0000000094d80000)
 Metaspace       used 34650K, capacity 35194K, committed 35496K, reserved 1081344K
  class space    used 4428K, capacity 4579K, committed 4656K, reserved 1048576K
}
Event: 5.721 GC heap before
{Heap before GC invocations=9 (full 2):
 PSYoungGen      total 74240K, used 58368K [0x00000000daf80000, 0x00000000e1e80000, 0x0000000100000000)
  eden space 58368K, 100% used [0x00000000daf80000,0x00000000de880000,0x00000000de880000)
  from space 15872K, 0% used [0x00000000df780000,0x00000000df780000,0x00000000e0700000)
  to   space 15360K, 0% used [0x00000000de880000,0x00000000de880000,0x00000000df780000)
 ParOldGen       total 65024K, used 17031K [0x0000000090e00000, 0x0000000094d80000, 0x00000000daf80000)
  object space 65024K, 26% used [0x0000000090e00000,0x0000000091ea1cd0,0x0000000094d80000)
 Metaspace       used 39430K, capacity 40070K, committed 40496K, reserved 1085440K
  class space    used 4958K, capacity 5124K, committed 5168K, reserved 1048576K
Event: 5.732 GC heap after
Heap after GC invocations=9 (full 2):
 PSYoungGen      total 73728K, used 11012K [0x00000000daf80000, 0x00000000e1a00000, 0x0000000100000000)
  eden space 58368K, 0% used [0x00000000daf80000,0x00000000daf80000,0x00000000de880000)
  from space 15360K, 71% used [0x00000000de880000,0x00000000df341228,0x00000000df780000)
  to   space 15360K, 0% used [0x00000000e0b00000,0x00000000e0b00000,0x00000000e1a00000)
 ParOldGen       total 65024K, used 17039K [0x0000000090e00000, 0x0000000094d80000, 0x00000000daf80000)
  object space 65024K, 26% used [0x0000000090e00000,0x0000000091ea3cd0,0x0000000094d80000)
 Metaspace       used 39430K, capacity 40070K, committed 40496K, reserved 1085440K
  class space    used 4958K, capacity 5124K, committed 5168K, reserved 1048576K
}
Event: 7.516 GC heap before
{Heap before GC invocations=10 (full 2):
 PSYoungGen      total 73728K, used 69380K [0x00000000daf80000, 0x00000000e1a00000, 0x0000000100000000)
  eden space 58368K, 100% used [0x00000000daf80000,0x00000000de880000,0x00000000de880000)
  from space 15360K, 71% used [0x00000000de880000,0x00000000df341228,0x00000000df780000)
  to   space 15360K, 0% used [0x00000000e0b00000,0x00000000e0b00000,0x00000000e1a00000)
 ParOldGen       total 65024K, used 17039K [0x0000000090e00000, 0x0000000094d80000, 0x00000000daf80000)
  object space 65024K, 26% used [0x0000000090e00000,0x0000000091ea3cd0,0x0000000094d80000)
 Metaspace       used 41927K, capacity 42590K, committed 42928K, reserved 1087488K
  class space    used 5107K, capacity 5270K, committed 5296K, reserved 1048576K
Event: 7.532 GC heap after
Heap after GC invocations=10 (full 2):
 PSYoungGen      total 91136K, used 15338K [0x00000000daf80000, 0x00000000e1d80000, 0x0000000100000000)
  eden space 75776K, 0% used [0x00000000daf80000,0x00000000daf80000,0x00000000df980000)
  from space 15360K, 99% used [0x00000000e0b00000,0x00000000e19fabb8,0x00000000e1a00000)
  to   space 17920K, 0% used [0x00000000df980000,0x00000000df980000,0x00000000e0b00000)
 ParOldGen       total 65024K, used 19060K [0x0000000090e00000, 0x0000000094d80000, 0x00000000daf80000)
  object space 65024K, 29% used [0x0000000090e00000,0x000000009209d3d0,0x0000000094d80000)
 Metaspace       used 41927K, capacity 42590K, committed 42928K, reserved 1087488K
  class space    used 5107K, capacity 5270K, committed 5296K, reserved 1048576K
}

