# JRE version: OpenJDK Runtime Environment (8.0_242-b01) (build 1.8.0_242-release-1644-b01)
# Java VM: OpenJDK 64-Bit Server VM (25.242-b01 mixed mode windows-amd64 compressed oops)
Heap:
 PSYoungGen      total 416256K, used 253841K [0x00000000d5580000, 0x00000000f0a80000, 0x0000000100000000)
  eden space 386560K, 57% used [0x00000000d5580000,0x00000000e3065e60,0x00000000ecf00000)
  from space 29696K, 99% used [0x00000000ecf00000,0x00000000eebfe6d8,0x00000000eec00000)
  to   space 28672K, 0% used [0x00000000eec00000,0x00000000eec00000,0x00000000f0800000)
 ParOldGen       total 240128K, used 134017K [0x0000000080000000, 0x000000008ea80000, 0x00000000d5580000)
  object space 240128K, 55% used [0x0000000080000000,0x00000000882e0728,0x000000008ea80000)
 Metaspace       used 88648K, capacity 92986K, committed 94232K, reserved 1130496K
  class space    used 11752K, capacity 12560K, committed 12840K, reserved 1048576K
GC Heap History (10 events):
Event: 29.428 GC heap before
{Heap before GC invocations=29 (full 4):
 PSYoungGen      total 370688K, used 359317K [0x00000000d5580000, 0x00000000ee100000, 0x0000000100000000)
  eden space 347648K, 100% used [0x00000000d5580000,0x00000000ea900000,0x00000000ea900000)
  from space 23040K, 50% used [0x00000000eca80000,0x00000000ed5e56c8,0x00000000ee100000)
  to   space 28672K, 0% used [0x00000000ea900000,0x00000000ea900000,0x00000000ec500000)
 ParOldGen       total 240128K, used 92766K [0x0000000080000000, 0x000000008ea80000, 0x00000000d5580000)
  object space 240128K, 38% used [0x0000000080000000,0x0000000085a97b70,0x000000008ea80000)
 Metaspace       used 80565K, capacity 84498K, committed 86680K, reserved 1124352K
  class space    used 10938K, capacity 11684K, committed 12200K, reserved 1048576K
Event: 29.457 GC heap after
Heap after GC invocations=29 (full 4):
 PSYoungGen      total 376320K, used 15733K [0x00000000d5580000, 0x00000000f0800000, 0x0000000100000000)
  eden space 347648K, 0% used [0x00000000d5580000,0x00000000d5580000,0x00000000ea900000)
  from space 28672K, 54% used [0x00000000ea900000,0x00000000eb85d6c8,0x00000000ec500000)
  to   space 28672K, 0% used [0x00000000eec00000,0x00000000eec00000,0x00000000f0800000)
 ParOldGen       total 240128K, used 92774K [0x0000000080000000, 0x000000008ea80000, 0x00000000d5580000)
  object space 240128K, 38% used [0x0000000080000000,0x0000000085a99b70,0x000000008ea80000)
 Metaspace       used 80565K, capacity 84498K, committed 86680K, reserved 1124352K
  class space    used 10938K, capacity 11684K, committed 12200K, reserved 1048576K
}
Event: 30.245 GC heap before
{Heap before GC invocations=30 (full 4):
 PSYoungGen      total 376320K, used 363381K [0x00000000d5580000, 0x00000000f0800000, 0x0000000100000000)
  eden space 347648K, 100% used [0x00000000d5580000,0x00000000ea900000,0x00000000ea900000)
  from space 28672K, 54% used [0x00000000ea900000,0x00000000eb85d6c8,0x00000000ec500000)
  to   space 28672K, 0% used [0x00000000eec00000,0x00000000eec00000,0x00000000f0800000)
 ParOldGen       total 240128K, used 92774K [0x0000000080000000, 0x000000008ea80000, 0x00000000d5580000)
  object space 240128K, 38% used [0x0000000080000000,0x0000000085a99b70,0x000000008ea80000)
 Metaspace       used 80673K, capacity 84574K, committed 86936K, reserved 1124352K
  class space    used 10938K, capacity 11684K, committed 12200K, reserved 1048576K
Event: 30.270 GC heap after
Heap after GC invocations=30 (full 4):
 PSYoungGen      total 415232K, used 18434K [0x00000000d5580000, 0x00000000f0a80000, 0x0000000100000000)
  eden space 386560K, 0% used [0x00000000d5580000,0x00000000d5580000,0x00000000ecf00000)
  from space 28672K, 64% used [0x00000000eec00000,0x00000000efe008d8,0x00000000f0800000)
  to   space 29696K, 0% used [0x00000000ecf00000,0x00000000ecf00000,0x00000000eec00000)
 ParOldGen       total 240128K, used 92782K [0x0000000080000000, 0x000000008ea80000, 0x00000000d5580000)
  object space 240128K, 38% used [0x0000000080000000,0x0000000085a9bb70,0x000000008ea80000)
 Metaspace       used 80673K, capacity 84574K, committed 86936K, reserved 1124352K
  class space    used 10938K, capacity 11684K, committed 12200K, reserved 1048576K
}
Event: 32.532 GC heap before
{Heap before GC invocations=31 (full 4):
 PSYoungGen      total 415232K, used 404994K [0x00000000d5580000, 0x00000000f0a80000, 0x0000000100000000)
  eden space 386560K, 100% used [0x00000000d5580000,0x00000000ecf00000,0x00000000ecf00000)
  from space 28672K, 64% used [0x00000000eec00000,0x00000000efe008d8,0x00000000f0800000)
  to   space 29696K, 0% used [0x00000000ecf00000,0x00000000ecf00000,0x00000000eec00000)
 ParOldGen       total 240128K, used 92782K [0x0000000080000000, 0x000000008ea80000, 0x00000000d5580000)
  object space 240128K, 38% used [0x0000000080000000,0x0000000085a9bb70,0x000000008ea80000)
 Metaspace       used 80722K, capacity 84638K, committed 86936K, reserved 1124352K
  class space    used 10938K, capacity 11684K, committed 12200K, reserved 1048576K
Event: 32.570 GC heap after
Heap after GC invocations=31 (full 4):
 PSYoungGen      total 416256K, used 19080K [0x00000000d5580000, 0x00000000f0a80000, 0x0000000100000000)
  eden space 386560K, 0% used [0x00000000d5580000,0x00000000d5580000,0x00000000ecf00000)
  from space 29696K, 64% used [0x00000000ecf00000,0x00000000ee1a2268,0x00000000eec00000)
  to   space 28672K, 0% used [0x00000000eec00000,0x00000000eec00000,0x00000000f0800000)
 ParOldGen       total 240128K, used 92782K [0x0000000080000000, 0x000000008ea80000, 0x00000000d5580000)
  object space 240128K, 38% used [0x0000000080000000,0x0000000085a9bb70,0x000000008ea80000)
 Metaspace       used 80722K, capacity 84638K, committed 86936K, reserved 1124352K
  class space    used 10938K, capacity 11684K, committed 12200K, reserved 1048576K
}
Event: 35.303 GC heap before
{Heap before GC invocations=32 (full 4):
 PSYoungGen      total 416256K, used 405640K [0x00000000d5580000, 0x00000000f0a80000, 0x0000000100000000)
  eden space 386560K, 100% used [0x00000000d5580000,0x00000000ecf00000,0x00000000ecf00000)
  from space 29696K, 64% used [0x00000000ecf00000,0x00000000ee1a2268,0x00000000eec00000)
  to   space 28672K, 0% used [0x00000000eec00000,0x00000000eec00000,0x00000000f0800000)
 ParOldGen       total 240128K, used 92782K [0x0000000080000000, 0x000000008ea80000, 0x00000000d5580000)
  object space 240128K, 38% used [0x0000000080000000,0x0000000085a9bb70,0x000000008ea80000)
 Metaspace       used 80723K, capacity 84638K, committed 86936K, reserved 1124352K
  class space    used 10938K, capacity 11684K, committed 12200K, reserved 1048576K
Event: 35.329 GC heap after
Heap after GC invocations=32 (full 4):
 PSYoungGen      total 415232K, used 24613K [0x00000000d5580000, 0x00000000f0a80000, 0x0000000100000000)
  eden space 386560K, 0% used [0x00000000d5580000,0x00000000d5580000,0x00000000ecf00000)
  from space 28672K, 85% used [0x00000000eec00000,0x00000000f04096e0,0x00000000f0800000)
  to   space 29696K, 0% used [0x00000000ecf00000,0x00000000ecf00000,0x00000000eec00000)
 ParOldGen       total 240128K, used 92790K [0x0000000080000000, 0x000000008ea80000, 0x00000000d5580000)
  object space 240128K, 38% used [0x0000000080000000,0x0000000085a9db70,0x000000008ea80000)
 Metaspace       used 80723K, capacity 84638K, committed 86936K, reserved 1124352K
  class space    used 10938K, capacity 11684K, committed 12200K, reserved 1048576K
}
Event: 38.189 GC heap before
{Heap before GC invocations=33 (full 4):
 PSYoungGen      total 415232K, used 411173K [0x00000000d5580000, 0x00000000f0a80000, 0x0000000100000000)
  eden space 386560K, 100% used [0x00000000d5580000,0x00000000ecf00000,0x00000000ecf00000)
  from space 28672K, 85% used [0x00000000eec00000,0x00000000f04096e0,0x00000000f0800000)
  to   space 29696K, 0% used [0x00000000ecf00000,0x00000000ecf00000,0x00000000eec00000)
 ParOldGen       total 240128K, used 92790K [0x0000000080000000, 0x000000008ea80000, 0x00000000d5580000)
  object space 240128K, 38% used [0x0000000080000000,0x0000000085a9db70,0x000000008ea80000)
 Metaspace       used 81023K, capacity 84928K, committed 87192K, reserved 1124352K
  class space    used 10940K, capacity 11685K, committed 12200K, reserved 1048576K
Event: 38.276 GC heap after
Heap after GC invocations=33 (full 4):
 PSYoungGen      total 416256K, used 29689K [0x00000000d5580000, 0x00000000f0a80000, 0x0000000100000000)
  eden space 386560K, 0% used [0x00000000d5580000,0x00000000d5580000,0x00000000ecf00000)
  from space 29696K, 99% used [0x00000000ecf00000,0x00000000eebfe6d8,0x00000000eec00000)
  to   space 28672K, 0% used [0x00000000eec00000,0x00000000eec00000,0x00000000f0800000)
 ParOldGen       total 240128K, used 134017K [0x0000000080000000, 0x000000008ea80000, 0x00000000d5580000)
  object space 240128K, 55% used [0x0000000080000000,0x00000000882e0728,0x000000008ea80000)
 Metaspace       used 81023K, capacity 84928K, committed 87192K, reserved 1124352K
  class space    used 10940K, capacity 11685K, committed 12200K, reserved 1048576K
}

