# JRE version: OpenJDK Runtime Environment (8.0_242-b01) (build 1.8.0_242-release-1644-b01)
# Java VM: OpenJDK 64-Bit Server VM (25.242-b01 mixed mode windows-amd64 compressed oops)
Heap:
 PSYoungGen      total 208384K, used 154165K [0x00000000d5580000, 0x00000000e4f80000, 0x0000000100000000)
  eden space 182784K, 70% used [0x00000000d5580000,0x00000000dd30d590,0x00000000e0800000)
  from space 25600K, 99% used [0x00000000e3680000,0x00000000e4f7ff00,0x00000000e4f80000)
  to   space 18944K, 0% used [0x00000000e0800000,0x00000000e0800000,0x00000000e1a80000)
 ParOldGen       total 123904K, used 75125K [0x0000000080000000, 0x0000000087900000, 0x00000000d5580000)
  object space 123904K, 60% used [0x0000000080000000,0x000000008495d4d8,0x0000000087900000)
 Metaspace       used 80619K, capacity 85634K, committed 85912K, reserved 1122304K
  class space    used 11226K, capacity 12120K, committed 12200K, reserved 1048576K
GC Heap History (10 events):
Event: 13.282 GC heap before
{Heap before GC invocations=15 (full 2):
 PSYoungGen      total 160768K, used 56825K [0x00000000d5580000, 0x00000000e0c00000, 0x0000000100000000)
  eden space 147456K, 29% used [0x00000000d5580000,0x00000000d8002b10,0x00000000de580000)
  from space 13312K, 99% used [0x00000000df700000,0x00000000e03fb9e8,0x00000000e0400000)
  to   space 17920K, 0% used [0x00000000de580000,0x00000000de580000,0x00000000df700000)
 ParOldGen       total 80384K, used 27409K [0x0000000080000000, 0x0000000084e80000, 0x00000000d5580000)
  object space 80384K, 34% used [0x0000000080000000,0x0000000081ac44b0,0x0000000084e80000)
 Metaspace       used 57037K, capacity 59142K, committed 59160K, reserved 1099776K
  class space    used 7744K, capacity 8232K, committed 8232K, reserved 1048576K
Event: 13.295 GC heap after
Heap after GC invocations=15 (full 2):
 PSYoungGen      total 165376K, used 4554K [0x00000000d5580000, 0x00000000e3080000, 0x0000000100000000)
  eden space 147456K, 0% used [0x00000000d5580000,0x00000000d5580000,0x00000000de580000)
  from space 17920K, 25% used [0x00000000de580000,0x00000000de9f2918,0x00000000df700000)
  to   space 17920K, 0% used [0x00000000e1f00000,0x00000000e1f00000,0x00000000e3080000)
 ParOldGen       total 80384K, used 34401K [0x0000000080000000, 0x0000000084e80000, 0x00000000d5580000)
  object space 80384K, 42% used [0x0000000080000000,0x0000000082198418,0x0000000084e80000)
 Metaspace       used 57037K, capacity 59142K, committed 59160K, reserved 1099776K
  class space    used 7744K, capacity 8232K, committed 8232K, reserved 1048576K
}
Event: 13.295 GC heap before
{Heap before GC invocations=16 (full 3):
 PSYoungGen      total 165376K, used 4554K [0x00000000d5580000, 0x00000000e3080000, 0x0000000100000000)
  eden space 147456K, 0% used [0x00000000d5580000,0x00000000d5580000,0x00000000de580000)
  from space 17920K, 25% used [0x00000000de580000,0x00000000de9f2918,0x00000000df700000)
  to   space 17920K, 0% used [0x00000000e1f00000,0x00000000e1f00000,0x00000000e3080000)
 ParOldGen       total 80384K, used 34401K [0x0000000080000000, 0x0000000084e80000, 0x00000000d5580000)
  object space 80384K, 42% used [0x0000000080000000,0x0000000082198418,0x0000000084e80000)
 Metaspace       used 57037K, capacity 59142K, committed 59160K, reserved 1099776K
  class space    used 7744K, capacity 8232K, committed 8232K, reserved 1048576K
Event: 13.591 GC heap after
Heap after GC invocations=16 (full 3):
 PSYoungGen      total 165376K, used 0K [0x00000000d5580000, 0x00000000e3080000, 0x0000000100000000)
  eden space 147456K, 0% used [0x00000000d5580000,0x00000000d5580000,0x00000000de580000)
  from space 17920K, 0% used [0x00000000de580000,0x00000000de580000,0x00000000df700000)
  to   space 17920K, 0% used [0x00000000e1f00000,0x00000000e1f00000,0x00000000e3080000)
 ParOldGen       total 123904K, used 30898K [0x0000000080000000, 0x0000000087900000, 0x00000000d5580000)
  object space 123904K, 24% used [0x0000000080000000,0x0000000081e2c9a8,0x0000000087900000)
 Metaspace       used 57025K, capacity 59100K, committed 59160K, reserved 1099776K
  class space    used 7741K, capacity 8225K, committed 8232K, reserved 1048576K
}
Event: 16.409 GC heap before
{Heap before GC invocations=17 (full 3):
 PSYoungGen      total 165376K, used 147456K [0x00000000d5580000, 0x00000000e3080000, 0x0000000100000000)
  eden space 147456K, 100% used [0x00000000d5580000,0x00000000de580000,0x00000000de580000)
  from space 17920K, 0% used [0x00000000de580000,0x00000000de580000,0x00000000df700000)
  to   space 17920K, 0% used [0x00000000e1f00000,0x00000000e1f00000,0x00000000e3080000)
 ParOldGen       total 123904K, used 30898K [0x0000000080000000, 0x0000000087900000, 0x00000000d5580000)
  object space 123904K, 24% used [0x0000000080000000,0x0000000081e2c9a8,0x0000000087900000)
 Metaspace       used 63744K, capacity 67098K, committed 67352K, reserved 1107968K
  class space    used 8796K, capacity 9454K, committed 9512K, reserved 1048576K
Event: 16.430 GC heap after
Heap after GC invocations=17 (full 3):
 PSYoungGen      total 190464K, used 14001K [0x00000000d5580000, 0x00000000e2d00000, 0x0000000100000000)
  eden space 176128K, 0% used [0x00000000d5580000,0x00000000d5580000,0x00000000e0180000)
  from space 14336K, 97% used [0x00000000e1f00000,0x00000000e2cac748,0x00000000e2d00000)
  to   space 18944K, 0% used [0x00000000e0800000,0x00000000e0800000,0x00000000e1a80000)
 ParOldGen       total 123904K, used 30906K [0x0000000080000000, 0x0000000087900000, 0x00000000d5580000)
  object space 123904K, 24% used [0x0000000080000000,0x0000000081e2e9a8,0x0000000087900000)
 Metaspace       used 63744K, capacity 67098K, committed 67352K, reserved 1107968K
  class space    used 8796K, capacity 9454K, committed 9512K, reserved 1048576K
}
Event: 65.555 GC heap before
{Heap before GC invocations=18 (full 3):
 PSYoungGen      total 190464K, used 190129K [0x00000000d5580000, 0x00000000e2d00000, 0x0000000100000000)
  eden space 176128K, 100% used [0x00000000d5580000,0x00000000e0180000,0x00000000e0180000)
  from space 14336K, 97% used [0x00000000e1f00000,0x00000000e2cac748,0x00000000e2d00000)
  to   space 18944K, 0% used [0x00000000e0800000,0x00000000e0800000,0x00000000e1a80000)
 ParOldGen       total 123904K, used 30906K [0x0000000080000000, 0x0000000087900000, 0x00000000d5580000)
  object space 123904K, 24% used [0x0000000080000000,0x0000000081e2e9a8,0x0000000087900000)
 Metaspace       used 71724K, capacity 75510K, committed 75672K, reserved 1114112K
  class space    used 9940K, capacity 10628K, committed 10664K, reserved 1048576K
Event: 65.661 GC heap after
Heap after GC invocations=18 (full 3):
 PSYoungGen      total 201728K, used 18922K [0x00000000d5580000, 0x00000000e4f80000, 0x0000000100000000)
  eden space 182784K, 0% used [0x00000000d5580000,0x00000000d5580000,0x00000000e0800000)
  from space 18944K, 99% used [0x00000000e0800000,0x00000000e1a7aae0,0x00000000e1a80000)
  to   space 25600K, 0% used [0x00000000e3680000,0x00000000e3680000,0x00000000e4f80000)
 ParOldGen       total 123904K, used 40725K [0x0000000080000000, 0x0000000087900000, 0x00000000d5580000)
  object space 123904K, 32% used [0x0000000080000000,0x00000000827c5438,0x0000000087900000)
 Metaspace       used 71724K, capacity 75510K, committed 75672K, reserved 1114112K
  class space    used 9940K, capacity 10628K, committed 10664K, reserved 1048576K
}
Event: 66.762 GC heap before
{Heap before GC invocations=19 (full 3):
 PSYoungGen      total 201728K, used 201706K [0x00000000d5580000, 0x00000000e4f80000, 0x0000000100000000)
  eden space 182784K, 100% used [0x00000000d5580000,0x00000000e0800000,0x00000000e0800000)
  from space 18944K, 99% used [0x00000000e0800000,0x00000000e1a7aae0,0x00000000e1a80000)
  to   space 25600K, 0% used [0x00000000e3680000,0x00000000e3680000,0x00000000e4f80000)
 ParOldGen       total 123904K, used 40725K [0x0000000080000000, 0x0000000087900000, 0x00000000d5580000)
  object space 123904K, 32% used [0x0000000080000000,0x00000000827c5438,0x0000000087900000)
 Metaspace       used 75737K, capacity 79872K, committed 80152K, reserved 1118208K
  class space    used 10491K, capacity 11271K, committed 11304K, reserved 1048576K
Event: 66.830 GC heap after
Heap after GC invocations=19 (full 3):
 PSYoungGen      total 208384K, used 25599K [0x00000000d5580000, 0x00000000e4f80000, 0x0000000100000000)
  eden space 182784K, 0% used [0x00000000d5580000,0x00000000d5580000,0x00000000e0800000)
  from space 25600K, 99% used [0x00000000e3680000,0x00000000e4f7ff00,0x00000000e4f80000)
  to   space 18944K, 0% used [0x00000000e0800000,0x00000000e0800000,0x00000000e1a80000)
 ParOldGen       total 123904K, used 75125K [0x0000000080000000, 0x0000000087900000, 0x00000000d5580000)
  object space 123904K, 60% used [0x0000000080000000,0x000000008495d4d8,0x0000000087900000)
 Metaspace       used 75737K, capacity 79872K, committed 80152K, reserved 1118208K
  class space    used 10491K, capacity 11271K, committed 11304K, reserved 1048576K
}

