# JRE version: OpenJDK Runtime Environment (8.0_242-b01) (build 1.8.0_242-release-1644-b01)
# Java VM: OpenJDK 64-Bit Server VM (25.242-b01 mixed mode windows-amd64 compressed oops)
Heap:
 PSYoungGen      total 182272K, used 46035K [0x00000000d5580000, 0x00000000e5400000, 0x0000000100000000)
  eden space 162816K, 28% used [0x00000000d5580000,0x00000000d8274dd0,0x00000000df480000)
  from space 19456K, 0% used [0x00000000df480000,0x00000000df480000,0x00000000e0780000)
  to   space 19456K, 0% used [0x00000000e4100000,0x00000000e4100000,0x00000000e5400000)
 ParOldGen       total 75776K, used 29685K [0x0000000080000000, 0x0000000084a00000, 0x00000000d5580000)
  object space 75776K, 39% used [0x0000000080000000,0x0000000081cfd568,0x0000000084a00000)
 Metaspace       used 59901K, capacity 62090K, committed 62232K, reserved 1103872K
  class space    used 8194K, capacity 8674K, committed 8744K, reserved 1048576K
GC Heap History (10 events):
Event: 6.408 GC heap before
{Heap before GC invocations=12 (full 2):
 PSYoungGen      total 140800K, used 5901K [0x00000000d5580000, 0x00000000e0380000, 0x0000000100000000)
  eden space 129536K, 0% used [0x00000000d5580000,0x00000000d5580000,0x00000000dd400000)
  from space 11264K, 52% used [0x00000000dde80000,0x00000000de443738,0x00000000de980000)
  to   space 10752K, 0% used [0x00000000dd400000,0x00000000dd400000,0x00000000dde80000)
 ParOldGen       total 50688K, used 12423K [0x0000000080000000, 0x0000000083180000, 0x00000000d5580000)
  object space 50688K, 24% used [0x0000000080000000,0x0000000080c21de0,0x0000000083180000)
 Metaspace       used 34506K, capacity 35410K, committed 35496K, reserved 1079296K
  class space    used 4734K, capacity 4974K, committed 5032K, reserved 1048576K
Event: 6.474 GC heap after
Heap after GC invocations=12 (full 2):
 PSYoungGen      total 140800K, used 0K [0x00000000d5580000, 0x00000000e0380000, 0x0000000100000000)
  eden space 129536K, 0% used [0x00000000d5580000,0x00000000d5580000,0x00000000dd400000)
  from space 11264K, 0% used [0x00000000dde80000,0x00000000dde80000,0x00000000de980000)
  to   space 10752K, 0% used [0x00000000dd400000,0x00000000dd400000,0x00000000dde80000)
 ParOldGen       total 75776K, used 15339K [0x0000000080000000, 0x0000000084a00000, 0x00000000d5580000)
  object space 75776K, 20% used [0x0000000080000000,0x0000000080efadb0,0x0000000084a00000)
 Metaspace       used 34506K, capacity 35410K, committed 35496K, reserved 1079296K
  class space    used 4734K, capacity 4974K, committed 5032K, reserved 1048576K
}
Event: 8.502 GC heap before
{Heap before GC invocations=13 (full 2):
 PSYoungGen      total 140800K, used 129536K [0x00000000d5580000, 0x00000000e0380000, 0x0000000100000000)
  eden space 129536K, 100% used [0x00000000d5580000,0x00000000dd400000,0x00000000dd400000)
  from space 11264K, 0% used [0x00000000dde80000,0x00000000dde80000,0x00000000de980000)
  to   space 10752K, 0% used [0x00000000dd400000,0x00000000dd400000,0x00000000dde80000)
 ParOldGen       total 75776K, used 15339K [0x0000000080000000, 0x0000000084a00000, 0x00000000d5580000)
  object space 75776K, 20% used [0x0000000080000000,0x0000000080efadb0,0x0000000084a00000)
 Metaspace       used 45056K, capacity 46670K, committed 46760K, reserved 1089536K
  class space    used 6104K, capacity 6479K, committed 6568K, reserved 1048576K
Event: 8.527 GC heap after
Heap after GC invocations=13 (full 2):
 PSYoungGen      total 140288K, used 10742K [0x00000000d5580000, 0x00000000e1500000, 0x0000000100000000)
  eden space 129536K, 0% used [0x00000000d5580000,0x00000000d5580000,0x00000000dd400000)
  from space 10752K, 99% used [0x00000000dd400000,0x00000000dde7d940,0x00000000dde80000)
  to   space 13824K, 0% used [0x00000000e0780000,0x00000000e0780000,0x00000000e1500000)
 ParOldGen       total 75776K, used 19768K [0x0000000080000000, 0x0000000084a00000, 0x00000000d5580000)
  object space 75776K, 26% used [0x0000000080000000,0x000000008134e148,0x0000000084a00000)
 Metaspace       used 45056K, capacity 46670K, committed 46760K, reserved 1089536K
  class space    used 6104K, capacity 6479K, committed 6568K, reserved 1048576K
}
Event: 10.436 GC heap before
{Heap before GC invocations=14 (full 2):
 PSYoungGen      total 140288K, used 140278K [0x00000000d5580000, 0x00000000e1500000, 0x0000000100000000)
  eden space 129536K, 100% used [0x00000000d5580000,0x00000000dd400000,0x00000000dd400000)
  from space 10752K, 99% used [0x00000000dd400000,0x00000000dde7d940,0x00000000dde80000)
  to   space 13824K, 0% used [0x00000000e0780000,0x00000000e0780000,0x00000000e1500000)
 ParOldGen       total 75776K, used 19768K [0x0000000080000000, 0x0000000084a00000, 0x00000000d5580000)
  object space 75776K, 26% used [0x0000000080000000,0x000000008134e148,0x0000000084a00000)
 Metaspace       used 56081K, capacity 58182K, committed 58408K, reserved 1099776K
  class space    used 7596K, capacity 8110K, committed 8232K, reserved 1048576K
Event: 10.456 GC heap after
Heap after GC invocations=14 (full 2):
 PSYoungGen      total 176640K, used 13808K [0x00000000d5580000, 0x00000000e1e00000, 0x0000000100000000)
  eden space 162816K, 0% used [0x00000000d5580000,0x00000000d5580000,0x00000000df480000)
  from space 13824K, 99% used [0x00000000e0780000,0x00000000e14fc1c8,0x00000000e1500000)
  to   space 19456K, 0% used [0x00000000df480000,0x00000000df480000,0x00000000e0780000)
 ParOldGen       total 75776K, used 30112K [0x0000000080000000, 0x0000000084a00000, 0x00000000d5580000)
  object space 75776K, 39% used [0x0000000080000000,0x0000000081d68070,0x0000000084a00000)
 Metaspace       used 56081K, capacity 58182K, committed 58408K, reserved 1099776K
  class space    used 7596K, capacity 8110K, committed 8232K, reserved 1048576K
}
Event: 10.598 GC heap before
{Heap before GC invocations=15 (full 2):
 PSYoungGen      total 176640K, used 29947K [0x00000000d5580000, 0x00000000e1e00000, 0x0000000100000000)
  eden space 162816K, 9% used [0x00000000d5580000,0x00000000d6542b90,0x00000000df480000)
  from space 13824K, 99% used [0x00000000e0780000,0x00000000e14fc1c8,0x00000000e1500000)
  to   space 19456K, 0% used [0x00000000df480000,0x00000000df480000,0x00000000e0780000)
 ParOldGen       total 75776K, used 30112K [0x0000000080000000, 0x0000000084a00000, 0x00000000d5580000)
  object space 75776K, 39% used [0x0000000080000000,0x0000000081d68070,0x0000000084a00000)
 Metaspace       used 56958K, capacity 59130K, committed 59160K, reserved 1099776K
  class space    used 7730K, capacity 8224K, committed 8232K, reserved 1048576K
Event: 10.607 GC heap after
Heap after GC invocations=15 (full 2):
 PSYoungGen      total 182272K, used 1504K [0x00000000d5580000, 0x00000000e5400000, 0x0000000100000000)
  eden space 162816K, 0% used [0x00000000d5580000,0x00000000d5580000,0x00000000df480000)
  from space 19456K, 7% used [0x00000000df480000,0x00000000df5f8000,0x00000000e0780000)
  to   space 19456K, 0% used [0x00000000e4100000,0x00000000e4100000,0x00000000e5400000)
 ParOldGen       total 75776K, used 37789K [0x0000000080000000, 0x0000000084a00000, 0x00000000d5580000)
  object space 75776K, 49% used [0x0000000080000000,0x00000000824e7710,0x0000000084a00000)
 Metaspace       used 56958K, capacity 59130K, committed 59160K, reserved 1099776K
  class space    used 7730K, capacity 8224K, committed 8232K, reserved 1048576K
}
Event: 10.607 GC heap before
{Heap before GC invocations=16 (full 3):
 PSYoungGen      total 182272K, used 1504K [0x00000000d5580000, 0x00000000e5400000, 0x0000000100000000)
  eden space 162816K, 0% used [0x00000000d5580000,0x00000000d5580000,0x00000000df480000)
  from space 19456K, 7% used [0x00000000df480000,0x00000000df5f8000,0x00000000e0780000)
  to   space 19456K, 0% used [0x00000000e4100000,0x00000000e4100000,0x00000000e5400000)
 ParOldGen       total 75776K, used 37789K [0x0000000080000000, 0x0000000084a00000, 0x00000000d5580000)
  object space 75776K, 49% used [0x0000000080000000,0x00000000824e7710,0x0000000084a00000)
 Metaspace       used 56958K, capacity 59130K, committed 59160K, reserved 1099776K
  class space    used 7730K, capacity 8224K, committed 8232K, reserved 1048576K
Event: 10.822 GC heap after
Heap after GC invocations=16 (full 3):
 PSYoungGen      total 182272K, used 0K [0x00000000d5580000, 0x00000000e5400000, 0x0000000100000000)
  eden space 162816K, 0% used [0x00000000d5580000,0x00000000d5580000,0x00000000df480000)
  from space 19456K, 0% used [0x00000000df480000,0x00000000df480000,0x00000000e0780000)
  to   space 19456K, 0% used [0x00000000e4100000,0x00000000e4100000,0x00000000e5400000)
 ParOldGen       total 75776K, used 29685K [0x0000000080000000, 0x0000000084a00000, 0x00000000d5580000)
  object space 75776K, 39% used [0x0000000080000000,0x0000000081cfd568,0x0000000084a00000)
 Metaspace       used 56926K, capacity 59022K, committed 59160K, reserved 1099776K
  class space    used 7720K, capacity 8206K, committed 8232K, reserved 1048576K
}

